Determining if the Q_WS_WIN exist failed with the following output:
Change Dir: /home/brain/toy_ros_space/src/g2o_test/Thirdparty/g2o_lib/build/CMakeFiles/CMakeTmp

Run Build Command:/usr/bin/make "cmTryCompileExec2160423469/fast"
/usr/bin/make -f CMakeFiles/cmTryCompileExec2160423469.dir/build.make CMakeFiles/cmTryCompileExec2160423469.dir/build
make[1]: Entering directory `/home/brain/toy_ros_space/src/g2o_test/Thirdparty/g2o_lib/build/CMakeFiles/CMakeTmp'
/usr/bin/cmake -E cmake_progress_report /home/brain/toy_ros_space/src/g2o_test/Thirdparty/g2o_lib/build/CMakeFiles/CMakeTmp/CMakeFiles 1
Building CXX object CMakeFiles/cmTryCompileExec2160423469.dir/CheckSymbolExists.cxx.o
/usr/bin/c++   -DLAPACK_USE_F2C -I/usr/include/qt4    -o CMakeFiles/cmTryCompileExec2160423469.dir/CheckSymbolExists.cxx.o -c /home/brain/toy_ros_space/src/g2o_test/Thirdparty/g2o_lib/build/CMakeFiles/CMakeTmp/CheckSymbolExists.cxx
/home/brain/toy_ros_space/src/g2o_test/Thirdparty/g2o_lib/build/CMakeFiles/CMakeTmp/CheckSymbolExists.cxx: In function ‘int main(int, char**)’:
/home/brain/toy_ros_space/src/g2o_test/Thirdparty/g2o_lib/build/CMakeFiles/CMakeTmp/CheckSymbolExists.cxx:8:19: error: ‘Q_WS_WIN’ was not declared in this scope
   return ((int*)(&Q_WS_WIN))[argc];
                   ^
make[1]: *** [CMakeFiles/cmTryCompileExec2160423469.dir/CheckSymbolExists.cxx.o] Error 1
make[1]: Leaving directory `/home/brain/toy_ros_space/src/g2o_test/Thirdparty/g2o_lib/build/CMakeFiles/CMakeTmp'
make: *** [cmTryCompileExec2160423469/fast] Error 2

File /home/brain/toy_ros_space/src/g2o_test/Thirdparty/g2o_lib/build/CMakeFiles/CMakeTmp/CheckSymbolExists.cxx:
/* */
#include <QtCore/qglobal.h>

int main(int argc, char** argv)
{
  (void)argv;
#ifndef Q_WS_WIN
  return ((int*)(&Q_WS_WIN))[argc];
#else
  (void)argc;
  return 0;
#endif
}

Determining if the Q_WS_QWS exist failed with the following output:
Change Dir: /home/brain/toy_ros_space/src/g2o_test/Thirdparty/g2o_lib/build/CMakeFiles/CMakeTmp

Run Build Command:/usr/bin/make "cmTryCompileExec281776922/fast"
/usr/bin/make -f CMakeFiles/cmTryCompileExec281776922.dir/build.make CMakeFiles/cmTryCompileExec281776922.dir/build
make[1]: Entering directory `/home/brain/toy_ros_space/src/g2o_test/Thirdparty/g2o_lib/build/CMakeFiles/CMakeTmp'
/usr/bin/cmake -E cmake_progress_report /home/brain/toy_ros_space/src/g2o_test/Thirdparty/g2o_lib/build/CMakeFiles/CMakeTmp/CMakeFiles 1
Building CXX object CMakeFiles/cmTryCompileExec281776922.dir/CheckSymbolExists.cxx.o
/usr/bin/c++   -DLAPACK_USE_F2C -I/usr/include/qt4    -o CMakeFiles/cmTryCompileExec281776922.dir/CheckSymbolExists.cxx.o -c /home/brain/toy_ros_space/src/g2o_test/Thirdparty/g2o_lib/build/CMakeFiles/CMakeTmp/CheckSymbolExists.cxx
/home/brain/toy_ros_space/src/g2o_test/Thirdparty/g2o_lib/build/CMakeFiles/CMakeTmp/CheckSymbolExists.cxx: In function ‘int main(int, char**)’:
/home/brain/toy_ros_space/src/g2o_test/Thirdparty/g2o_lib/build/CMakeFiles/CMakeTmp/CheckSymbolExists.cxx:8:19: error: ‘Q_WS_QWS’ was not declared in this scope
   return ((int*)(&Q_WS_QWS))[argc];
                   ^
make[1]: *** [CMakeFiles/cmTryCompileExec281776922.dir/CheckSymbolExists.cxx.o] Error 1
make[1]: Leaving directory `/home/brain/toy_ros_space/src/g2o_test/Thirdparty/g2o_lib/build/CMakeFiles/CMakeTmp'
make: *** [cmTryCompileExec281776922/fast] Error 2

File /home/brain/toy_ros_space/src/g2o_test/Thirdparty/g2o_lib/build/CMakeFiles/CMakeTmp/CheckSymbolExists.cxx:
/* */
#include <QtCore/qglobal.h>

int main(int argc, char** argv)
{
  (void)argv;
#ifndef Q_WS_QWS
  return ((int*)(&Q_WS_QWS))[argc];
#else
  (void)argc;
  return 0;
#endif
}

Determining if the Q_WS_MAC exist failed with the following output:
Change Dir: /home/brain/toy_ros_space/src/g2o_test/Thirdparty/g2o_lib/build/CMakeFiles/CMakeTmp

Run Build Command:/usr/bin/make "cmTryCompileExec2975171068/fast"
/usr/bin/make -f CMakeFiles/cmTryCompileExec2975171068.dir/build.make CMakeFiles/cmTryCompileExec2975171068.dir/build
make[1]: Entering directory `/home/brain/toy_ros_space/src/g2o_test/Thirdparty/g2o_lib/build/CMakeFiles/CMakeTmp'
/usr/bin/cmake -E cmake_progress_report /home/brain/toy_ros_space/src/g2o_test/Thirdparty/g2o_lib/build/CMakeFiles/CMakeTmp/CMakeFiles 1
Building CXX object CMakeFiles/cmTryCompileExec2975171068.dir/CheckSymbolExists.cxx.o
/usr/bin/c++   -DLAPACK_USE_F2C -I/usr/include/qt4    -o CMakeFiles/cmTryCompileExec2975171068.dir/CheckSymbolExists.cxx.o -c /home/brain/toy_ros_space/src/g2o_test/Thirdparty/g2o_lib/build/CMakeFiles/CMakeTmp/CheckSymbolExists.cxx
/home/brain/toy_ros_space/src/g2o_test/Thirdparty/g2o_lib/build/CMakeFiles/CMakeTmp/CheckSymbolExists.cxx: In function ‘int main(int, char**)’:
/home/brain/toy_ros_space/src/g2o_test/Thirdparty/g2o_lib/build/CMakeFiles/CMakeTmp/CheckSymbolExists.cxx:8:19: error: ‘Q_WS_MAC’ was not declared in this scope
   return ((int*)(&Q_WS_MAC))[argc];
                   ^
make[1]: *** [CMakeFiles/cmTryCompileExec2975171068.dir/CheckSymbolExists.cxx.o] Error 1
make[1]: Leaving directory `/home/brain/toy_ros_space/src/g2o_test/Thirdparty/g2o_lib/build/CMakeFiles/CMakeTmp'
make: *** [cmTryCompileExec2975171068/fast] Error 2

File /home/brain/toy_ros_space/src/g2o_test/Thirdparty/g2o_lib/build/CMakeFiles/CMakeTmp/CheckSymbolExists.cxx:
/* */
#include <QtCore/qglobal.h>

int main(int argc, char** argv)
{
  (void)argv;
#ifndef Q_WS_MAC
  return ((int*)(&Q_WS_MAC))[argc];
#else
  (void)argc;
  return 0;
#endif
}

